[ 2016-05-19T00:26:58+08:00 ] ::1 /Public/index.php/Home/Protection/protectionCollection.html
ERR: 1064:You have an error in your SQL syntax; check the manual that corresponds to your MySQL server version for the right syntax to use near '0,1459238043,1459338043)' at line 1
 [ SQL语句 ] : CALL getProtCollPROC(,0,1459238043,1459338043)

[ 2016-05-19T07:59:13+08:00 ] ::1 /Public/index.php/Home/Protection/protectionCollection.html
ERR: 1064:You have an error in your SQL syntax; check the manual that corresponds to your MySQL server version for the right syntax to use near '0,1459238043,1459338043)' at line 1
 [ SQL语句 ] : CALL getProtCollPROC(,0,1459238043,1459338043)

[ 2016-05-19T08:03:24+08:00 ] ::1 /Public/index.php/Home/Power/index.html
ERR: 1449:The user specified as a definer ('root'@'127.0.0.1') does not exist
 [ SQL语句 ] : SELECT getPowerListFunc(1) AS list

[ 2016-05-19T08:03:32+08:00 ] ::1 /Public/index.php/Home/Power/index.html
ERR: 1449:The user specified as a definer ('root'@'127.0.0.1') does not exist
 [ SQL语句 ] : SELECT getPowerListFunc(1) AS list

[ 2016-05-19T08:03:47+08:00 ] ::1 /Public/index.php/Home/Power/index.html
ERR: 1449:The user specified as a definer ('root'@'127.0.0.1') does not exist
 [ SQL语句 ] : SELECT getPowerListFunc(1) AS list

[ 2016-05-19T08:04:03+08:00 ] ::1 /Public/index.php/Home/Power/index.html
ERR: 1449:The user specified as a definer ('root'@'127.0.0.1') does not exist
 [ SQL语句 ] : SELECT getPowerListFunc(1) AS list

[ 2016-05-19T08:04:11+08:00 ] ::1 /Public/index.php/Home/Power/index.html
ERR: 1449:The user specified as a definer ('root'@'127.0.0.1') does not exist
 [ SQL语句 ] : SELECT getPowerListFunc(1) AS list

[ 2016-05-19T08:04:14+08:00 ] ::1 /Public/index.php/Home/Protection/protectionCollection.html
ERR: 1064:You have an error in your SQL syntax; check the manual that corresponds to your MySQL server version for the right syntax to use near 'nePROC(1,1)' at line 2
 [ SQL语句 ] : CALL getSublineFromLi
                nePROC(1,1)

[ 2016-05-19T08:04:24+08:00 ] ::1 /Public/index.php/Home/Power/index.html
ERR: 1449:The user specified as a definer ('root'@'127.0.0.1') does not exist
 [ SQL语句 ] : SELECT getPowerListFunc(1) AS list

[ 2016-05-19T08:04:31+08:00 ] ::1 /Public/index.php/Home/Power/index.html
ERR: 1449:The user specified as a definer ('root'@'127.0.0.1') does not exist
 [ SQL语句 ] : SELECT getPowerListFunc(1) AS list

[ 2016-05-19T08:04:38+08:00 ] ::1 /Public/index.php/Home/Power/index.html
ERR: 1449:The user specified as a definer ('root'@'127.0.0.1') does not exist
 [ SQL语句 ] : SELECT getPowerListFunc(1) AS list

[ 2016-05-19T18:40:45+08:00 ] ::1 /Public/index.php/Home/Power/index.html
ERR: 1449:The user specified as a definer ('root'@'127.0.0.1') does not exist
 [ SQL语句 ] : SELECT getPowerListFunc(1) AS list

[ 2016-05-19T18:57:25+08:00 ] ::1 /Public/index.php/Home/Power/index.html
ERR: 1449:The user specified as a definer ('root'@'127.0.0.1') does not exist
 [ SQL语句 ] : SELECT getPowerListFunc(1) AS list

[ 2016-05-19T18:59:19+08:00 ] ::1 /Public/index.php/Home/Power/index.html
ERR: 1449:The user specified as a definer ('root'@'127.0.0.1') does not exist
 [ SQL语句 ] : SELECT getPowerListFunc(1) AS list

[ 2016-05-19T19:00:11+08:00 ] ::1 /Public/index.php/Home/Power/index.html
ERR: 1449:The user specified as a definer ('root'@'127.0.0.1') does not exist
 [ SQL语句 ] : SELECT getPowerListFunc(1) AS list

[ 2016-05-19T19:00:12+08:00 ] ::1 /Public/index.php/Home/Power/index.html
ERR: 1449:The user specified as a definer ('root'@'127.0.0.1') does not exist
 [ SQL语句 ] : SELECT getPowerListFunc(1) AS list

[ 2016-05-19T19:00:23+08:00 ] ::1 /Public/index.php/Home/Power/index.html
ERR: 1449:The user specified as a definer ('root'@'127.0.0.1') does not exist
 [ SQL语句 ] : SELECT getPowerListFunc(1) AS list

[ 2016-05-19T19:20:34+08:00 ] ::1 /Public/index.php/Home/Android
ERR: 参数错误或者未定义:AD

[ 2016-05-19T19:20:56+08:00 ] ::1 /Public/index.php/Home/Android/$AD=12
ERR: 非法操作:$AD=12

[ 2016-05-19T19:38:25+08:00 ] ::1 /Public/index.php/Home/Android/$AD=12
ERR: 非法操作:$AD=12

[ 2016-05-19T19:38:38+08:00 ] ::1 /Public/index.php/Home/Android%EF%BC%9FAD=12
ERR: 无法加载控制器:Android？AD=12

