[ 2016-05-17T13:16:09+08:00 ] ::1 /Public/index.php/Home/Login/loginout
ERR: 非法操作:loginout

[ 2016-05-17T13:36:57+08:00 ] ::1 /Public/index.php/Home/Index/_initialize
ERR: 非法操作:_initialize

[ 2016-05-17T13:37:04+08:00 ] ::1 /Public/index.php/Home/Power/index.html
ERR: 1449:The user specified as a definer ('root'@'127.0.0.1') does not exist
 [ SQL语句 ] : SELECT getPowerListFunc(1) AS list

[ 2016-05-17T13:44:43+08:00 ] ::1 /Public/index.php/Home/Power/index.html
ERR: 1449:The user specified as a definer ('root'@'127.0.0.1') does not exist
 [ SQL语句 ] : SELECT getPowerListFunc(1) AS list

[ 2016-05-17T15:23:49+08:00 ] ::1 /Public/index.php/Home/Power/index.html
ERR: 1449:The user specified as a definer ('root'@'127.0.0.1') does not exist
 [ SQL语句 ] : SELECT getPowerListFunc(1) AS list

[ 2016-05-17T15:53:56+08:00 ] ::1 /Public/index.php/Home/Power/index.html
ERR: 1449:The user specified as a definer ('root'@'127.0.0.1') does not exist
 [ SQL语句 ] : SELECT getPowerListFunc(1) AS list

[ 2016-05-17T15:54:57+08:00 ] ::1 /Public/index.php/Home/Power/index.html
ERR: 1449:The user specified as a definer ('root'@'127.0.0.1') does not exist
 [ SQL语句 ] : SELECT getPowerListFunc(1) AS list

[ 2016-05-17T15:56:08+08:00 ] ::1 /Public/index.php/Home/Power/index.html
ERR: 1449:The user specified as a definer ('root'@'127.0.0.1') does not exist
 [ SQL语句 ] : SELECT getPowerListFunc(1) AS list

[ 2016-05-17T15:59:21+08:00 ] ::1 /Public/index.php/Home/Protection/index.html
ERR: 1064:You have an error in your SQL syntax; check the manual that corresponds to your MySQL server version for the right syntax to use near 'nePROC(1,1)' at line 2
 [ SQL语句 ] : CALL getSublineFromLi
                nePROC(1,1)

[ 2016-05-17T16:00:00+08:00 ] ::1 /Public/index.php/Home/Protection/index.html
ERR: 1064:You have an error in your SQL syntax; check the manual that corresponds to your MySQL server version for the right syntax to use near 'nePROC(1,1)' at line 2
 [ SQL语句 ] : CALL getSublineFromLi
                nePROC(1,1)

[ 2016-05-17T16:10:25+08:00 ] ::1 /Public/index.php/Home/Protection/index.html
ERR: 1064:You have an error in your SQL syntax; check the manual that corresponds to your MySQL server version for the right syntax to use near 'nePROC(1,1)' at line 2
 [ SQL语句 ] : CALL getSublineFromLi
                nePROC(1,1)

[ 2016-05-17T16:10:26+08:00 ] ::1 /Public/index.php/Home/Protection/index.html
ERR: 1064:You have an error in your SQL syntax; check the manual that corresponds to your MySQL server version for the right syntax to use near 'nePROC(1,1)' at line 2
 [ SQL语句 ] : CALL getSublineFromLi
                nePROC(1,1)

