[ 2016-05-17T15:38:08+08:00 ] ::1 /Public/Public/dateRangePicker/jquery.js
ERR: 无法加载模块:Public

[ 2016-05-17T15:38:08+08:00 ] ::1 /Public/Public/dateRangePicker/bootstrap.css
ERR: 无法加载模块:Public

[ 2016-05-17T15:46:35+08:00 ] ::1 /Public/Public/dateRangePicker/jquery.js
ERR: 无法加载模块:Public

[ 2016-05-17T15:46:35+08:00 ] ::1 /Public/Public/dateRangePicker/bootstrap.css
ERR: 无法加载模块:Public

[ 2016-05-17T15:46:36+08:00 ] ::1 /Public/Public/dateRangePicker/jquery.js
ERR: 无法加载模块:Public

[ 2016-05-17T15:46:36+08:00 ] ::1 /Public/Public/dateRangePicker/bootstrap.css
ERR: 无法加载模块:Public

[ 2016-05-17T15:46:40+08:00 ] ::1 /Public/Public/dateRangePicker/bootstrap.css
ERR: 无法加载模块:Public

[ 2016-05-17T15:46:40+08:00 ] ::1 /Public/Public/dateRangePicker/jquery.js
ERR: 无法加载模块:Public

[ 2016-05-17T15:46:40+08:00 ] ::1 /Public/Public/dateRangePicker/jquery.js
ERR: 无法加载模块:Public

[ 2016-05-17T15:46:40+08:00 ] ::1 /Public/Public/dateRangePicker/bootstrap.css
ERR: 无法加载模块:Public

[ 2016-05-17T15:46:43+08:00 ] ::1 /Public/Public/fonts/glyphicons-halflings-regular.woff2
ERR: 无法加载模块:Public

[ 2016-05-17T15:46:44+08:00 ] ::1 /Public/Public/fonts/glyphicons-halflings-regular.woff
ERR: 无法加载模块:Public

[ 2016-05-17T15:46:44+08:00 ] ::1 /Public/Public/fonts/glyphicons-halflings-regular.ttf
ERR: 无法加载模块:Public

[ 2016-05-17T15:47:04+08:00 ] ::1 /Public/Public/dateRangePicker/jquery.js
ERR: 无法加载模块:Public

[ 2016-05-17T15:47:04+08:00 ] ::1 /Public/Public/dateRangePicker/bootstrap.css
ERR: 无法加载模块:Public

[ 2016-05-17T15:47:04+08:00 ] ::1 /Public/Public/dateRangePicker/jquery.js
ERR: 无法加载模块:Public

[ 2016-05-17T15:47:04+08:00 ] ::1 /Public/Public/dateRangePicker/bootstrap.css
ERR: 无法加载模块:Public

[ 2016-05-17T15:51:44+08:00 ] ::1 /Public/Public/dateRangePicker/bootstrap.css
ERR: 无法加载模块:Public

[ 2016-05-17T15:51:44+08:00 ] ::1 /Public/Public/dateRangePicker/jquery.js
ERR: 无法加载模块:Public

[ 2016-05-17T15:51:45+08:00 ] ::1 /Public/Public/dateRangePicker/jquery.js
ERR: 无法加载模块:Public

[ 2016-05-17T15:51:45+08:00 ] ::1 /Public/Public/dateRangePicker/bootstrap.css
ERR: 无法加载模块:Public

