[ 2016-05-25T16:13:16+08:00 ] ::1 /Public/login
ERR: 无法加载模块:Login

[ 2016-05-25T17:30:58+08:00 ] ::1 /Public/Public/dateRangePicker/bootstrap.css
ERR: 无法加载模块:Public

[ 2016-05-25T17:30:58+08:00 ] ::1 /Public/Public/dateRangePicker/jquery.js
ERR: 无法加载模块:Public

[ 2016-05-25T17:30:58+08:00 ] ::1 /Public/Public/dateRangePicker/jquery.js
ERR: 无法加载模块:Public

[ 2016-05-25T17:30:58+08:00 ] ::1 /Public/Public/dateRangePicker/bootstrap.css
ERR: 无法加载模块:Public

[ 2016-05-25T17:31:00+08:00 ] ::1 /Public/Public/dateRangePicker/jquery.js
ERR: 无法加载模块:Public

[ 2016-05-25T17:31:00+08:00 ] ::1 /Public/Public/dateRangePicker/bootstrap.css
ERR: 无法加载模块:Public

[ 2016-05-25T17:31:00+08:00 ] ::1 /Public/Public/dateRangePicker/jquery.js
ERR: 无法加载模块:Public

[ 2016-05-25T17:31:00+08:00 ] ::1 /Public/Public/dateRangePicker/bootstrap.css
ERR: 无法加载模块:Public

[ 2016-05-25T17:34:45+08:00 ] ::1 /Public/Public/dateRangePicker/jquery.js
ERR: 无法加载模块:Public

[ 2016-05-25T17:34:45+08:00 ] ::1 /Public/Public/dateRangePicker/bootstrap.css
ERR: 无法加载模块:Public

[ 2016-05-25T17:34:45+08:00 ] ::1 /Public/Public/dateRangePicker/jquery.js
ERR: 无法加载模块:Public

[ 2016-05-25T17:34:45+08:00 ] ::1 /Public/Public/dateRangePicker/bootstrap.css
ERR: 无法加载模块:Public

[ 2016-05-25T17:35:38+08:00 ] ::1 /Public/Public/dateRangePicker/bootstrap.css
ERR: 无法加载模块:Public

[ 2016-05-25T17:35:38+08:00 ] ::1 /Public/Public/dateRangePicker/jquery.js
ERR: 无法加载模块:Public

[ 2016-05-25T17:35:38+08:00 ] ::1 /Public/Public/dateRangePicker/jquery.js
ERR: 无法加载模块:Public

[ 2016-05-25T17:35:38+08:00 ] ::1 /Public/Public/dateRangePicker/bootstrap.css
ERR: 无法加载模块:Public

[ 2016-05-25T18:38:49+08:00 ] ::1 /Public/Public/dateRangePicker/jquery.js
ERR: 无法加载模块:Public

[ 2016-05-25T18:38:49+08:00 ] ::1 /Public/Public/dateRangePicker/bootstrap.css
ERR: 无法加载模块:Public

[ 2016-05-25T18:38:49+08:00 ] ::1 /Public/Public/dateRangePicker/jquery.js
ERR: 无法加载模块:Public

[ 2016-05-25T18:38:49+08:00 ] ::1 /Public/Public/dateRangePicker/bootstrap.css
ERR: 无法加载模块:Public

[ 2016-05-25T18:39:41+08:00 ] ::1 /Public/Public/dateRangePicker/jquery.js
ERR: 无法加载模块:Public

[ 2016-05-25T18:39:41+08:00 ] ::1 /Public/Public/dateRangePicker/bootstrap.css
ERR: 无法加载模块:Public

[ 2016-05-25T18:39:42+08:00 ] ::1 /Public/Public/dateRangePicker/jquery.js
ERR: 无法加载模块:Public

[ 2016-05-25T18:39:42+08:00 ] ::1 /Public/Public/dateRangePicker/bootstrap.css
ERR: 无法加载模块:Public

[ 2016-05-25T18:42:20+08:00 ] ::1 /Public/Public/dateRangePicker/jquery.js
ERR: 无法加载模块:Public

[ 2016-05-25T18:42:20+08:00 ] ::1 /Public/Public/dateRangePicker/bootstrap.css
ERR: 无法加载模块:Public

[ 2016-05-25T18:42:20+08:00 ] ::1 /Public/Public/dateRangePicker/jquery.js
ERR: 无法加载模块:Public

[ 2016-05-25T18:42:20+08:00 ] ::1 /Public/Public/dateRangePicker/bootstrap.css
ERR: 无法加载模块:Public

[ 2016-05-25T18:42:33+08:00 ] ::1 /Public/Public/fonts/glyphicons-halflings-regular.woff2
ERR: 无法加载模块:Public

[ 2016-05-25T18:42:33+08:00 ] ::1 /Public/Public/fonts/glyphicons-halflings-regular.woff
ERR: 无法加载模块:Public

[ 2016-05-25T18:42:33+08:00 ] ::1 /Public/Public/fonts/glyphicons-halflings-regular.ttf
ERR: 无法加载模块:Public

[ 2016-05-25T19:28:33+08:00 ] ::1 /Public/Public/css/style.css
ERR: 无法加载模块:Public

[ 2016-05-25T19:28:33+08:00 ] ::1 /Public/Public/css/font-awesome.min.css
ERR: 无法加载模块:Public

[ 2016-05-25T19:28:33+08:00 ] ::1 /Public/Public/css/form-elements.css
ERR: 无法加载模块:Public

[ 2016-05-25T19:31:02+08:00 ] ::1 /Public/Public/css/form-elements.css
ERR: 无法加载模块:Public

[ 2016-05-25T19:31:02+08:00 ] ::1 /Public/Public/css/font-awesome.min.css
ERR: 无法加载模块:Public

[ 2016-05-25T19:31:02+08:00 ] ::1 /Public/Public/css/style.css
ERR: 无法加载模块:Public

[ 2016-05-25T19:31:08+08:00 ] ::1 /Public/Public/css/font-awesome.min.css
ERR: 无法加载模块:Public

[ 2016-05-25T19:31:08+08:00 ] ::1 /Public/Public/css/style.css
ERR: 无法加载模块:Public

[ 2016-05-25T19:31:08+08:00 ] ::1 /Public/Public/css/form-elements.css
ERR: 无法加载模块:Public

[ 2016-05-25T19:31:11+08:00 ] ::1 /Public/Public/css/font-awesome.min.css
ERR: 无法加载模块:Public

[ 2016-05-25T19:31:11+08:00 ] ::1 /Public/Public/css/style.css
ERR: 无法加载模块:Public

[ 2016-05-25T19:31:11+08:00 ] ::1 /Public/Public/css/form-elements.css
ERR: 无法加载模块:Public

[ 2016-05-25T19:31:17+08:00 ] ::1 /Public/Public/css/font-awesome.min.css
ERR: 无法加载模块:Public

[ 2016-05-25T19:31:17+08:00 ] ::1 /Public/Public/css/form-elements.css
ERR: 无法加载模块:Public

[ 2016-05-25T19:35:48+08:00 ] ::1 /Public/Public/css/font-awesome.min.css
ERR: 无法加载模块:Public

[ 2016-05-25T19:35:48+08:00 ] ::1 /Public/Public/css/style.css
ERR: 无法加载模块:Public

[ 2016-05-25T19:35:48+08:00 ] ::1 /Public/Public/css/form-elements.css
ERR: 无法加载模块:Public

[ 2016-05-25T19:35:51+08:00 ] ::1 /Public/Public/css/style.css
ERR: 无法加载模块:Public

[ 2016-05-25T19:35:51+08:00 ] ::1 /Public/Public/css/font-awesome.min.css
ERR: 无法加载模块:Public

[ 2016-05-25T19:35:51+08:00 ] ::1 /Public/Public/css/form-elements.css
ERR: 无法加载模块:Public

[ 2016-05-25T19:38:00+08:00 ] ::1 /Public/Public/css/font-awesome.min.css
ERR: 无法加载模块:Public

[ 2016-05-25T19:38:00+08:00 ] ::1 /Public/Public/css/form-elements.css
ERR: 无法加载模块:Public

[ 2016-05-25T19:38:00+08:00 ] ::1 /Public/Public/css/style.css
ERR: 无法加载模块:Public

[ 2016-05-25T19:38:02+08:00 ] ::1 /Public/Public/css/font-awesome.min.css
ERR: 无法加载模块:Public

[ 2016-05-25T19:38:02+08:00 ] ::1 /Public/Public/css/style.css
ERR: 无法加载模块:Public

[ 2016-05-25T19:38:02+08:00 ] ::1 /Public/Public/css/form-elements.css
ERR: 无法加载模块:Public

[ 2016-05-25T19:38:13+08:00 ] ::1 /Public/Public/css/font-awesome.min.css
ERR: 无法加载模块:Public

[ 2016-05-25T19:38:13+08:00 ] ::1 /Public/Public/css/style.css
ERR: 无法加载模块:Public

[ 2016-05-25T19:38:13+08:00 ] ::1 /Public/Public/css/form-elements.css
ERR: 无法加载模块:Public

[ 2016-05-25T19:39:25+08:00 ] ::1 /Public/Public/css/font-awesome.min.css
ERR: 无法加载模块:Public

[ 2016-05-25T19:39:25+08:00 ] ::1 /Public/Public/css/form-elements.css
ERR: 无法加载模块:Public

[ 2016-05-25T19:39:25+08:00 ] ::1 /Public/Public/css/style.css
ERR: 无法加载模块:Public

[ 2016-05-25T19:41:50+08:00 ] ::1 /Public/Public/css/font-awesome.min.css
ERR: 无法加载模块:Public

[ 2016-05-25T19:41:51+08:00 ] ::1 /Public/Public/css/style.css
ERR: 无法加载模块:Public

[ 2016-05-25T19:41:51+08:00 ] ::1 /Public/Public/css/form-elements.css
ERR: 无法加载模块:Public

[ 2016-05-25T19:45:50+08:00 ] ::1 /Public/Public/css/font-awesome.min.css
ERR: 无法加载模块:Public

[ 2016-05-25T19:45:50+08:00 ] ::1 /Public/Public/css/form-elements.css
ERR: 无法加载模块:Public

[ 2016-05-25T19:45:50+08:00 ] ::1 /Public/Public/css/style.css
ERR: 无法加载模块:Public

[ 2016-05-25T19:46:29+08:00 ] ::1 /Public/Public/css/form-elements.css
ERR: 无法加载模块:Public

[ 2016-05-25T19:46:29+08:00 ] ::1 /Public/Public/css/font-awesome.min.css
ERR: 无法加载模块:Public

[ 2016-05-25T19:46:29+08:00 ] ::1 /Public/Public/bootstrap/js/bootstrap.min.js
ERR: 无法加载模块:Public

[ 2016-05-25T19:46:29+08:00 ] ::1 /Public/Public/css/style.css
ERR: 无法加载模块:Public

[ 2016-05-25T19:46:29+08:00 ] ::1 /Public/Public/js/jquery.backstretch.min.js
ERR: 无法加载模块:Public

[ 2016-05-25T19:46:29+08:00 ] ::1 /Public/Public/js/scripts.js
ERR: 无法加载模块:Public

[ 2016-05-25T19:46:29+08:00 ] ::1 /Public/Public/ico/favicon.png
ERR: 无法加载模块:Public

[ 2016-05-25T19:46:29+08:00 ] ::1 /Public/Public/bootstrap/js/bootstrap.min.js
ERR: 无法加载模块:Public

[ 2016-05-25T19:46:29+08:00 ] ::1 /Public/Public/ico/favicon.png
ERR: 无法加载模块:Public

[ 2016-05-25T19:46:29+08:00 ] ::1 /Public/Public/js/jquery.backstretch.min.js
ERR: 无法加载模块:Public

[ 2016-05-25T19:46:29+08:00 ] ::1 /Public/Public/js/scripts.js
ERR: 无法加载模块:Public

[ 2016-05-25T19:51:45+08:00 ] ::1 /Public/Public/css/font-awesome.min.css
ERR: 无法加载模块:Public

[ 2016-05-25T19:51:45+08:00 ] ::1 /Public/Public/js/jquery.backstretch.min.js
ERR: 无法加载模块:Public

[ 2016-05-25T19:51:45+08:00 ] ::1 /Public/Public/js/scripts.js
ERR: 无法加载模块:Public

[ 2016-05-25T19:51:45+08:00 ] ::1 /Public/Public/bootstrap/js/bootstrap.min.js
ERR: 无法加载模块:Public

[ 2016-05-25T19:51:45+08:00 ] ::1 /Public/Public/js/jquery.backstretch.min.js
ERR: 无法加载模块:Public

[ 2016-05-25T19:51:45+08:00 ] ::1 /Public/Public/js/scripts.js
ERR: 无法加载模块:Public

[ 2016-05-25T19:55:44+08:00 ] ::1 /Public/Public/assets/css/bootstrap.min.css
ERR: 无法加载模块:Public

[ 2016-05-25T19:55:45+08:00 ] ::1 /Public/Public/assets/css/font-awesome.min.css
ERR: 无法加载模块:Public

[ 2016-05-25T19:58:52+08:00 ] ::1 /Public/Public/assets/css/bootstrap.min.css
ERR: 无法加载模块:Public

[ 2016-05-25T19:58:52+08:00 ] ::1 /Public/Public/assets/css/font-awesome/font-awesome.min.css
ERR: 无法加载模块:Public

[ 2016-05-25T19:58:58+08:00 ] ::1 /Public/Public/assets/css/bootstrap.min.css
ERR: 无法加载模块:Public

[ 2016-05-25T19:58:58+08:00 ] ::1 /Public/Public/assets/css/font-awesome/font-awesome.min.css
ERR: 无法加载模块:Public

[ 2016-05-25T19:59:12+08:00 ] ::1 /Public/Public/assets/css/bootstrap.min.css
ERR: 无法加载模块:Public

[ 2016-05-25T19:59:12+08:00 ] ::1 /Public/Public/assets/css/font-awesome/font-awesome.min.css
ERR: 无法加载模块:Public

[ 2016-05-25T20:03:59+08:00 ] ::1 /Public/Public/assets/css/font-awesome/font-awesome.min.css
ERR: 无法加载模块:Public

[ 2016-05-25T20:06:08+08:00 ] ::1 /Public/Public//Public/Public/assets/ico/favicon.png
ERR: 无法加载模块:Public

[ 2016-05-25T20:06:08+08:00 ] ::1 /Public/Public//Public/Public/assets/ico/favicon.png
ERR: 无法加载模块:Public

[ 2016-05-25T20:22:55+08:00 ] ::1 /Public/Public/home/assets/img/backgrounds/1.jpg
ERR: 无法加载模块:Public

[ 2016-05-25T21:37:11+08:00 ] ::1 /Public/Public/dateRangePicker/jquery.js
ERR: 无法加载模块:Public

[ 2016-05-25T21:37:11+08:00 ] ::1 /Public/Public/dateRangePicker/bootstrap.css
ERR: 无法加载模块:Public

[ 2016-05-25T21:37:11+08:00 ] ::1 /Public/Public/dateRangePicker/jquery.js
ERR: 无法加载模块:Public

[ 2016-05-25T21:37:11+08:00 ] ::1 /Public/Public/dateRangePicker/bootstrap.css
ERR: 无法加载模块:Public

[ 2016-05-25T21:37:15+08:00 ] ::1 /Public/Public/fonts/glyphicons-halflings-regular.woff2
ERR: 无法加载模块:Public

[ 2016-05-25T21:37:15+08:00 ] ::1 /Public/Public/fonts/glyphicons-halflings-regular.woff
ERR: 无法加载模块:Public

[ 2016-05-25T21:37:15+08:00 ] ::1 /Public/Public/fonts/glyphicons-halflings-regular.ttf
ERR: 无法加载模块:Public

[ 2016-05-25T22:35:29+08:00 ] ::1 /Public/Public/dateRangePicker/jquery.js
ERR: 无法加载模块:Public

[ 2016-05-25T22:35:29+08:00 ] ::1 /Public/Public/dateRangePicker/bootstrap.css
ERR: 无法加载模块:Public

[ 2016-05-25T22:35:29+08:00 ] ::1 /Public/Public/dateRangePicker/jquery.js
ERR: 无法加载模块:Public

[ 2016-05-25T22:35:29+08:00 ] ::1 /Public/Public/dateRangePicker/bootstrap.css
ERR: 无法加载模块:Public

[ 2016-05-25T22:36:41+08:00 ] ::1 /Public/Public/dateRangePicker/jquery.js
ERR: 无法加载模块:Public

[ 2016-05-25T22:36:41+08:00 ] ::1 /Public/Public/dateRangePicker/bootstrap.css
ERR: 无法加载模块:Public

[ 2016-05-25T22:36:41+08:00 ] ::1 /Public/Public/dateRangePicker/jquery.js
ERR: 无法加载模块:Public

[ 2016-05-25T22:36:42+08:00 ] ::1 /Public/Public/dateRangePicker/bootstrap.css
ERR: 无法加载模块:Public

